\BOOKMARK [0][-]{chapter.1}{Introduction}{}% 1
\BOOKMARK [1][-]{section.1.1}{Abstract}{chapter.1}% 2
\BOOKMARK [1][-]{section.1.2}{Quantum circuits}{chapter.1}% 3
\BOOKMARK [2][-]{subsection.1.2.1}{Matrix representation of circuits}{section.1.2}% 4
\BOOKMARK [2][-]{subsection.1.2.2}{Some elementary gates}{section.1.2}% 5
\BOOKMARK [2][-]{subsection.1.2.3}{Quantum gates in series}{section.1.2}% 6
\BOOKMARK [2][-]{subsection.1.2.4}{Quantum gates in parallel}{section.1.2}% 7
\BOOKMARK [2][-]{subsection.1.2.5}{Controlled gates}{section.1.2}% 8
\BOOKMARK [0][-]{chapter.2}{Quantum Development Kit}{}% 9
\BOOKMARK [1][-]{section.2.1}{Example: Grover Search implementation}{chapter.2}% 10
\BOOKMARK [0][-]{chapter.3}{Insights on Grover Search Algorithm and its implementation}{}% 11
\BOOKMARK [1][-]{section.3.1}{Introduction}{chapter.3}% 12
\BOOKMARK [2][-]{subsection.3.1.1}{Premise}{section.3.1}% 13
\BOOKMARK [2][-]{subsection.3.1.2}{The problem}{section.3.1}% 14
\BOOKMARK [1][-]{section.3.2}{The phone book implementation}{chapter.3}% 15
\BOOKMARK [1][-]{section.3.3}{Permutation of rows in a matrix}{chapter.3}% 16
\BOOKMARK [2][-]{subsection.3.3.1}{Simplified case: 2 qubits}{section.3.3}% 17
\BOOKMARK [2][-]{subsection.3.3.2}{General case: shift and control}{section.3.3}% 18
\BOOKMARK [2][-]{subsection.3.3.3}{General case: sorting algorithms}{section.3.3}% 19
\BOOKMARK [0][-]{chapter.4}{Quantum gates in Octave}{}% 20
\BOOKMARK [1][-]{section.4.1}{Elementary \(existing\) gates}{chapter.4}% 21
\BOOKMARK [2][-]{subsection.4.1.1}{Hadamard and X, Y, Z}{section.4.1}% 22
\BOOKMARK [2][-]{subsection.4.1.2}{CNOT}{section.4.1}% 23
\BOOKMARK [2][-]{subsection.4.1.3}{ICNOT: inverted CNOT}{section.4.1}% 24
\BOOKMARK [2][-]{subsection.4.1.4}{SWAP}{section.4.1}% 25
\BOOKMARK [2][-]{subsection.4.1.5}{CCNOT}{section.4.1}% 26
\BOOKMARK [2][-]{subsection.4.1.6}{CSWAP}{section.4.1}% 27
\BOOKMARK [1][-]{section.4.2}{Operations between gates}{chapter.4}% 28
\BOOKMARK [2][-]{subsection.4.2.1}{Kronecker product \(or direct product\)}{section.4.2}% 29
\BOOKMARK [2][-]{subsection.4.2.2}{Gate control \(direct sum\)}{section.4.2}% 30
\BOOKMARK [1][-]{section.4.3}{New \(derivated\) gates}{chapter.4}% 31
\BOOKMARK [2][-]{subsection.4.3.1}{DSWAP}{section.4.3}% 32
\BOOKMARK [2][-]{subsection.4.3.2}{SHIFT}{section.4.3}% 33
\BOOKMARK [2][-]{subsection.4.3.3}{QSD: Quarter Shift Down}{section.4.3}% 34
\BOOKMARK [2][-]{subsection.4.3.4}{QSU: Quarter Shift Up}{section.4.3}% 35
\BOOKMARK [2][-]{subsection.4.3.5}{CNOT3}{section.4.3}% 36
\BOOKMARK [2][-]{subsection.4.3.6}{SWAP3}{section.4.3}% 37
\BOOKMARK [2][-]{subsection.4.3.7}{SHIFT3}{section.4.3}% 38
\BOOKMARK [2][-]{subsection.4.3.8}{CNOT4}{section.4.3}% 39
\BOOKMARK [0][-]{chapter.5}{Other ways explored during the research}{}% 40
\BOOKMARK [0][-]{chapter.6}{Conclusions}{}% 41
