\BOOKMARK [0][-]{chapter.1}{Introduction}{}% 1
\BOOKMARK [1][-]{section.1.1}{Abstract}{chapter.1}% 2
\BOOKMARK [1][-]{section.1.2}{Quantum circuits}{chapter.1}% 3
\BOOKMARK [2][-]{subsection.1.2.1}{Matrix representation of circuits}{section.1.2}% 4
\BOOKMARK [2][-]{subsection.1.2.2}{Some elementary gates}{section.1.2}% 5
\BOOKMARK [2][-]{subsection.1.2.3}{Quantum gates in series}{section.1.2}% 6
\BOOKMARK [2][-]{subsection.1.2.4}{Quantum gates in parallel}{section.1.2}% 7
\BOOKMARK [2][-]{subsection.1.2.5}{Controlled gates}{section.1.2}% 8
\BOOKMARK [0][-]{chapter.2}{Microsoft Quantum Development Kit}{}% 9
\BOOKMARK [1][-]{section.2.1}{Software overview}{chapter.2}% 10
\BOOKMARK [2][-]{subsection.2.1.1}{Installation}{section.2.1}% 11
\BOOKMARK [2][-]{subsection.2.1.2}{Documentation}{section.2.1}% 12
\BOOKMARK [2][-]{subsection.2.1.3}{Language Q\043}{section.2.1}% 13
\BOOKMARK [2][-]{subsection.2.1.4}{Simulator}{section.2.1}% 14
\BOOKMARK [1][-]{section.2.2}{Sample Q\043 code: Grover Search}{chapter.2}% 15
\BOOKMARK [2][-]{subsection.2.2.1}{The code}{section.2.2}% 16
\BOOKMARK [2][-]{subsection.2.2.2}{Results of multiple runs of the code}{section.2.2}% 17
\BOOKMARK [2][-]{subsection.2.2.3}{Possible improvements on this implementation}{section.2.2}% 18
\BOOKMARK [0][-]{chapter.3}{Insights on GSA and its implementation}{}% 19
\BOOKMARK [1][-]{section.3.1}{The problem}{chapter.3}% 20
\BOOKMARK [1][-]{section.3.2}{The phone book implementation}{chapter.3}% 21
\BOOKMARK [1][-]{section.3.3}{Permutation of rows in a matrix}{chapter.3}% 22
\BOOKMARK [2][-]{subsection.3.3.1}{Simplified case: 2 qubits}{section.3.3}% 23
\BOOKMARK [2][-]{subsection.3.3.2}{General case: shift and control}{section.3.3}% 24
\BOOKMARK [2][-]{subsection.3.3.3}{General case: sorting algorithms}{section.3.3}% 25
\BOOKMARK [1][-]{section.3.4}{Feasibility}{chapter.3}% 26
\BOOKMARK [0][-]{chapter.4}{Implementation of an entangled database for GSA}{}% 27
\BOOKMARK [1][-]{section.4.1}{Octave}{chapter.4}% 28
\BOOKMARK [1][-]{section.4.2}{Q\043}{chapter.4}% 29
\BOOKMARK [0][-]{chapter.5}{Other minor aspects explored during the research}{}% 30
\BOOKMARK [0][-]{chapter.6}{Conclusions}{}% 31
\BOOKMARK [0][-]{section*.12}{Appendices}{}% 32
\BOOKMARK [0][-]{Appendix.a.A}{Quantum gates in Octave}{}% 33
\BOOKMARK [1][-]{section.a.A.1}{Elementary \(existing\) gates}{Appendix.a.A}% 34
\BOOKMARK [2][-]{subsection.a.A.1.1}{Hadamard and X, Y, Z}{section.a.A.1}% 35
\BOOKMARK [2][-]{subsection.a.A.1.2}{CNOT}{section.a.A.1}% 36
\BOOKMARK [2][-]{subsection.a.A.1.3}{ICNOT: inverted CNOT}{section.a.A.1}% 37
\BOOKMARK [2][-]{subsection.a.A.1.4}{SWAP}{section.a.A.1}% 38
\BOOKMARK [2][-]{subsection.a.A.1.5}{CCNOT}{section.a.A.1}% 39
\BOOKMARK [2][-]{subsection.a.A.1.6}{CSWAP}{section.a.A.1}% 40
\BOOKMARK [1][-]{section.a.A.2}{Operations between gates}{Appendix.a.A}% 41
\BOOKMARK [2][-]{subsection.a.A.2.1}{Kronecker product \(or direct product\)}{section.a.A.2}% 42
\BOOKMARK [2][-]{subsection.a.A.2.2}{Gate control \(direct sum\)}{section.a.A.2}% 43
\BOOKMARK [1][-]{section.a.A.3}{New \(derivated\) gates}{Appendix.a.A}% 44
\BOOKMARK [2][-]{subsection.a.A.3.1}{DSWAP}{section.a.A.3}% 45
\BOOKMARK [2][-]{subsection.a.A.3.2}{SHIFT}{section.a.A.3}% 46
\BOOKMARK [2][-]{subsection.a.A.3.3}{QSD: Quarter Shift Down}{section.a.A.3}% 47
\BOOKMARK [2][-]{subsection.a.A.3.4}{QSU: Quarter Shift Up}{section.a.A.3}% 48
\BOOKMARK [2][-]{subsection.a.A.3.5}{CNOT3}{section.a.A.3}% 49
\BOOKMARK [2][-]{subsection.a.A.3.6}{SWAP3}{section.a.A.3}% 50
\BOOKMARK [2][-]{subsection.a.A.3.7}{SHIFT3}{section.a.A.3}% 51
\BOOKMARK [2][-]{subsection.a.A.3.8}{CNOT4}{section.a.A.3}% 52
